[debug] [2026-05-25T22:58:42.806Z] ----------------------------------------------------------------------
[debug] [2026-05-25T22:58:42.810Z] Command:       C:\Program Files\nodejs\node.exe S:\Respaldo\UPB\Proyectos\hachi-greciaspa\node_modules\firebase-tools\lib\bin\firebase.js emulators:start --only auth
[debug] [2026-05-25T22:58:42.811Z] CLI Version:   15.18.0
[debug] [2026-05-25T22:58:42.811Z] Platform:      win32
[debug] [2026-05-25T22:58:42.811Z] Node Version:  v24.14.0
[debug] [2026-05-25T22:58:42.811Z] Time:          Mon May 25 2026 17:58:42 GMT-0500 (hora estándar de Colombia)
[debug] [2026-05-25T22:58:42.812Z] ----------------------------------------------------------------------
[debug] 
[debug] [2026-05-25T22:58:45.281Z] > command requires scopes: ["email","openid","https://www.googleapis.com/auth/cloudplatformprojects.readonly","https://www.googleapis.com/auth/firebase","https://www.googleapis.com/auth/cloud-platform"]
[debug] [2026-05-25T22:58:45.282Z] > authorizing via signed-in user (andres.san1404@gmail.com)
[info] i  emulators: Starting emulators: auth {"metadata":{"emulator":{"name":"hub"},"message":"Starting emulators: auth"}}
[debug] [2026-05-25T22:58:45.299Z] [logging] Logging Emulator only supports listening on one address (127.0.0.1). Not listening on ::1
[debug] [2026-05-25T22:58:45.299Z] [auth] Authentication Emulator only supports listening on one address (127.0.0.1). Not listening on ::1
[debug] [2026-05-25T22:58:45.299Z] assigned listening specs for emulators {"user":{"hub":[{"address":"127.0.0.1","family":"IPv4","port":4400},{"address":"::1","family":"IPv6","port":4400}],"ui":[{"address":"127.0.0.1","family":"IPv4","port":4000},{"address":"::1","family":"IPv6","port":4000}],"logging":[{"address":"127.0.0.1","family":"IPv4","port":4500}],"auth":[{"address":"127.0.0.1","family":"IPv4","port":9099}]},"metadata":{"message":"assigned listening specs for emulators"}}
[debug] [2026-05-25T22:58:45.308Z] Write emulator hub locator at C:\Users\ANDRSS~1\AppData\Local\Temp\hub-your-firebase-project-id.json
[info] i  ui: downloading ui-v1.15.0.zip... {"metadata":{"emulator":{"name":"ui"},"message":"downloading ui-v1.15.0.zip..."}}
[debug] [2026-05-25T22:58:54.898Z] >>> [apiv2][query] GET https://storage.googleapis.com/firebase-preview-drop/emulator/ui-v1.15.0.zip 
[debug] [2026-05-25T22:58:55.046Z] <<< [apiv2][status] GET https://storage.googleapis.com/firebase-preview-drop/emulator/ui-v1.15.0.zip 200
[debug] [2026-05-25T22:58:55.047Z] <<< [apiv2][body] GET https://storage.googleapis.com/firebase-preview-drop/emulator/ui-v1.15.0.zip [stream]
[debug] [2026-05-25T22:58:55.272Z] Data is 3538469
[debug] [2026-05-25T22:58:55.272Z] [unzip] Entry: client/ (compressed_size=0 bytes, uncompressed_size=0 bytes)
[debug] [2026-05-25T22:58:55.273Z] [unzip] Processing entry: client\
[debug] [2026-05-25T22:58:55.273Z] [unzip] mkdir: C:\Users\Andrés Santiago\.cache\firebase\emulators\ui-v1.15.0\client\
[debug] [2026-05-25T22:58:55.274Z] [unzip] Entry: client/favicon-16x16.png (compressed_size=293 bytes, uncompressed_size=293 bytes)
[debug] [2026-05-25T22:58:55.274Z] [unzip] Processing entry: client\favicon-16x16.png
[debug] [2026-05-25T22:58:55.274Z] [unzip] else mkdir: C:\Users\Andrés Santiago\.cache\firebase\emulators\ui-v1.15.0\client
[debug] [2026-05-25T22:58:55.275Z] [unzip] Writing file: C:\Users\Andrés Santiago\.cache\firebase\emulators\ui-v1.15.0\client\favicon-16x16.png
[debug] [2026-05-25T22:58:55.276Z] [unzip] Entry: client/safari-pinned-tab.svg (compressed_size=1433 bytes, uncompressed_size=2611 bytes)
[debug] [2026-05-25T22:58:55.276Z] [unzip] Processing entry: client\safari-pinned-tab.svg
[debug] [2026-05-25T22:58:55.277Z] [unzip] else mkdir: C:\Users\Andrés Santiago\.cache\firebase\emulators\ui-v1.15.0\client
[debug] [2026-05-25T22:58:55.277Z] [unzip] deflating: C:\Users\Andrés Santiago\.cache\firebase\emulators\ui-v1.15.0\client\safari-pinned-tab.svg
[debug] [2026-05-25T22:58:55.282Z] [unzip] Entry: client/favicon.ico (compressed_size=2933 bytes, uncompressed_size=13294 bytes)
[debug] [2026-05-25T22:58:55.283Z] [unzip] Processing entry: client\favicon.ico
[debug] [2026-05-25T22:58:55.283Z] [unzip] else mkdir: C:\Users\Andrés Santiago\.cache\firebase\emulators\ui-v1.15.0\client
[debug] [2026-05-25T22:58:55.283Z] [unzip] deflating: C:\Users\Andrés Santiago\.cache\firebase\emulators\ui-v1.15.0\client\favicon.ico
[debug] [2026-05-25T22:58:55.284Z] [unzip] Entry: client/index.html (compressed_size=1364 bytes, uncompressed_size=3071 bytes)
[debug] [2026-05-25T22:58:55.285Z] [unzip] Processing entry: client\index.html
[debug] [2026-05-25T22:58:55.285Z] [unzip] else mkdir: C:\Users\Andrés Santiago\.cache\firebase\emulators\ui-v1.15.0\client
[debug] [2026-05-25T22:58:55.285Z] [unzip] deflating: C:\Users\Andrés Santiago\.cache\firebase\emulators\ui-v1.15.0\client\index.html
[debug] [2026-05-25T22:58:55.286Z] [unzip] Entry: client/android-chrome-192x192.png (compressed_size=2684 bytes, uncompressed_size=2684 bytes)
[debug] [2026-05-25T22:58:55.286Z] [unzip] Processing entry: client\android-chrome-192x192.png
[debug] [2026-05-25T22:58:55.286Z] [unzip] else mkdir: C:\Users\Andrés Santiago\.cache\firebase\emulators\ui-v1.15.0\client
[debug] [2026-05-25T22:58:55.287Z] [unzip] Writing file: C:\Users\Andrés Santiago\.cache\firebase\emulators\ui-v1.15.0\client\android-chrome-192x192.png
[debug] [2026-05-25T22:58:55.288Z] [unzip] Entry: client/apple-touch-icon.png (compressed_size=2123 bytes, uncompressed_size=2152 bytes)
[debug] [2026-05-25T22:58:55.288Z] [unzip] Processing entry: client\apple-touch-icon.png
[debug] [2026-05-25T22:58:55.288Z] [unzip] else mkdir: C:\Users\Andrés Santiago\.cache\firebase\emulators\ui-v1.15.0\client
[debug] [2026-05-25T22:58:55.289Z] [unzip] deflating: C:\Users\Andrés Santiago\.cache\firebase\emulators\ui-v1.15.0\client\apple-touch-icon.png
[debug] [2026-05-25T22:58:55.290Z] [unzip] Entry: client/android-chrome-512x512.png (compressed_size=5369 bytes, uncompressed_size=5411 bytes)
[debug] [2026-05-25T22:58:55.290Z] [unzip] Processing entry: client\android-chrome-512x512.png
[debug] [2026-05-25T22:58:55.290Z] [unzip] else mkdir: C:\Users\Andrés Santiago\.cache\firebase\emulators\ui-v1.15.0\client
[debug] [2026-05-25T22:58:55.290Z] [unzip] deflating: C:\Users\Andrés Santiago\.cache\firebase\emulators\ui-v1.15.0\client\android-chrome-512x512.png
[debug] [2026-05-25T22:58:55.292Z] [unzip] Entry: client/manifest.json (compressed_size=245 bytes, uncompressed_size=551 bytes)
[debug] [2026-05-25T22:58:55.292Z] [unzip] Processing entry: client\manifest.json
[debug] [2026-05-25T22:58:55.292Z] [unzip] else mkdir: C:\Users\Andrés Santiago\.cache\firebase\emulators\ui-v1.15.0\client
[debug] [2026-05-25T22:58:55.292Z] [unzip] deflating: C:\Users\Andrés Santiago\.cache\firebase\emulators\ui-v1.15.0\client\manifest.json
[debug] [2026-05-25T22:58:55.293Z] [unzip] Entry: client/robots.txt (compressed_size=26 bytes, uncompressed_size=26 bytes)
[debug] [2026-05-25T22:58:55.293Z] [unzip] Processing entry: client\robots.txt
[debug] [2026-05-25T22:58:55.293Z] [unzip] else mkdir: C:\Users\Andrés Santiago\.cache\firebase\emulators\ui-v1.15.0\client
[debug] [2026-05-25T22:58:55.294Z] [unzip] Writing file: C:\Users\Andrés Santiago\.cache\firebase\emulators\ui-v1.15.0\client\robots.txt
[debug] [2026-05-25T22:58:55.295Z] [unzip] Entry: client/mstile-150x150.png (compressed_size=2034 bytes, uncompressed_size=2034 bytes)
[debug] [2026-05-25T22:58:55.295Z] [unzip] Processing entry: client\mstile-150x150.png
[debug] [2026-05-25T22:58:55.295Z] [unzip] else mkdir: C:\Users\Andrés Santiago\.cache\firebase\emulators\ui-v1.15.0\client
[debug] [2026-05-25T22:58:55.296Z] [unzip] Writing file: C:\Users\Andrés Santiago\.cache\firebase\emulators\ui-v1.15.0\client\mstile-150x150.png
[debug] [2026-05-25T22:58:55.297Z] [unzip] Entry: client/assets/ (compressed_size=0 bytes, uncompressed_size=0 bytes)
[debug] [2026-05-25T22:58:55.297Z] [unzip] Processing entry: client\assets\
[debug] [2026-05-25T22:58:55.297Z] [unzip] mkdir: C:\Users\Andrés Santiago\.cache\firebase\emulators\ui-v1.15.0\client\assets\
[debug] [2026-05-25T22:58:55.298Z] [unzip] Entry: client/assets/index-BX-A56oj.js (compressed_size=582089 bytes, uncompressed_size=2092775 bytes)
[debug] [2026-05-25T22:58:55.298Z] [unzip] Processing entry: client\assets\index-BX-A56oj.js
[debug] [2026-05-25T22:58:55.298Z] [unzip] else mkdir: C:\Users\Andrés Santiago\.cache\firebase\emulators\ui-v1.15.0\client\assets
[debug] [2026-05-25T22:58:55.298Z] [unzip] deflating: C:\Users\Andrés Santiago\.cache\firebase\emulators\ui-v1.15.0\client\assets\index-BX-A56oj.js
[debug] [2026-05-25T22:58:55.311Z] [unzip] Entry: client/assets/index-CjB9C900.css (compressed_size=35979 bytes, uncompressed_size=298654 bytes)
[debug] [2026-05-25T22:58:55.311Z] [unzip] Processing entry: client\assets\index-CjB9C900.css
[debug] [2026-05-25T22:58:55.311Z] [unzip] else mkdir: C:\Users\Andrés Santiago\.cache\firebase\emulators\ui-v1.15.0\client\assets
[debug] [2026-05-25T22:58:55.312Z] [unzip] deflating: C:\Users\Andrés Santiago\.cache\firebase\emulators\ui-v1.15.0\client\assets\index-CjB9C900.css
[debug] [2026-05-25T22:58:55.316Z] [unzip] Entry: client/assets/index-BX-A56oj.js.map (compressed_size=2362482 bytes, uncompressed_size=10036679 bytes)
[debug] [2026-05-25T22:58:55.316Z] [unzip] Processing entry: client\assets\index-BX-A56oj.js.map
[debug] [2026-05-25T22:58:55.316Z] [unzip] else mkdir: C:\Users\Andrés Santiago\.cache\firebase\emulators\ui-v1.15.0\client\assets
[debug] [2026-05-25T22:58:55.317Z] [unzip] deflating: C:\Users\Andrés Santiago\.cache\firebase\emulators\ui-v1.15.0\client\assets\index-BX-A56oj.js.map
[debug] [2026-05-25T22:58:55.367Z] [unzip] Entry: client/assets/extensions/ (compressed_size=0 bytes, uncompressed_size=0 bytes)
[debug] [2026-05-25T22:58:55.367Z] [unzip] Processing entry: client\assets\extensions\
[debug] [2026-05-25T22:58:55.367Z] [unzip] mkdir: C:\Users\Andrés Santiago\.cache\firebase\emulators\ui-v1.15.0\client\assets\extensions\
[debug] [2026-05-25T22:58:55.367Z] [unzip] Entry: client/assets/extensions/default-extension.png (compressed_size=1646 bytes, uncompressed_size=1657 bytes)
[debug] [2026-05-25T22:58:55.368Z] [unzip] Processing entry: client\assets\extensions\default-extension.png
[debug] [2026-05-25T22:58:55.368Z] [unzip] else mkdir: C:\Users\Andrés Santiago\.cache\firebase\emulators\ui-v1.15.0\client\assets\extensions
[debug] [2026-05-25T22:58:55.368Z] [unzip] deflating: C:\Users\Andrés Santiago\.cache\firebase\emulators\ui-v1.15.0\client\assets\extensions\default-extension.png
[debug] [2026-05-25T22:58:55.369Z] [unzip] Entry: client/assets/img/ (compressed_size=0 bytes, uncompressed_size=0 bytes)
[debug] [2026-05-25T22:58:55.369Z] [unzip] Processing entry: client\assets\img\
[debug] [2026-05-25T22:58:55.370Z] [unzip] mkdir: C:\Users\Andrés Santiago\.cache\firebase\emulators\ui-v1.15.0\client\assets\img\
[debug] [2026-05-25T22:58:55.370Z] [unzip] Entry: client/assets/img/database.png (compressed_size=29449 bytes, uncompressed_size=29988 bytes)
[debug] [2026-05-25T22:58:55.370Z] [unzip] Processing entry: client\assets\img\database.png
[debug] [2026-05-25T22:58:55.370Z] [unzip] else mkdir: C:\Users\Andrés Santiago\.cache\firebase\emulators\ui-v1.15.0\client\assets\img
[debug] [2026-05-25T22:58:55.371Z] [unzip] deflating: C:\Users\Andrés Santiago\.cache\firebase\emulators\ui-v1.15.0\client\assets\img\database.png
[debug] [2026-05-25T22:58:55.372Z] [unzip] Entry: client/assets/provider-icons/ (compressed_size=0 bytes, uncompressed_size=0 bytes)
[debug] [2026-05-25T22:58:55.372Z] [unzip] Processing entry: client\assets\provider-icons\
[debug] [2026-05-25T22:58:55.372Z] [unzip] mkdir: C:\Users\Andrés Santiago\.cache\firebase\emulators\ui-v1.15.0\client\assets\provider-icons\
[debug] [2026-05-25T22:58:55.373Z] [unzip] Entry: client/assets/provider-icons/auth_service_saml.svg (compressed_size=575 bytes, uncompressed_size=1226 bytes)
[debug] [2026-05-25T22:58:55.373Z] [unzip] Processing entry: client\assets\provider-icons\auth_service_saml.svg
[debug] [2026-05-25T22:58:55.373Z] [unzip] else mkdir: C:\Users\Andrés Santiago\.cache\firebase\emulators\ui-v1.15.0\client\assets\provider-icons
[debug] [2026-05-25T22:58:55.373Z] [unzip] deflating: C:\Users\Andrés Santiago\.cache\firebase\emulators\ui-v1.15.0\client\assets\provider-icons\auth_service_saml.svg
[debug] [2026-05-25T22:58:55.374Z] [unzip] Entry: client/assets/provider-icons/auth_service_phone.svg (compressed_size=261 bytes, uncompressed_size=414 bytes)
[debug] [2026-05-25T22:58:55.374Z] [unzip] Processing entry: client\assets\provider-icons\auth_service_phone.svg
[debug] [2026-05-25T22:58:55.374Z] [unzip] else mkdir: C:\Users\Andrés Santiago\.cache\firebase\emulators\ui-v1.15.0\client\assets\provider-icons
[debug] [2026-05-25T22:58:55.375Z] [unzip] deflating: C:\Users\Andrés Santiago\.cache\firebase\emulators\ui-v1.15.0\client\assets\provider-icons\auth_service_phone.svg
[debug] [2026-05-25T22:58:55.376Z] [unzip] Entry: client/assets/provider-icons/auth_service_facebook.svg (compressed_size=289 bytes, uncompressed_size=457 bytes)
[debug] [2026-05-25T22:58:55.376Z] [unzip] Processing entry: client\assets\provider-icons\auth_service_facebook.svg
[debug] [2026-05-25T22:58:55.376Z] [unzip] else mkdir: C:\Users\Andrés Santiago\.cache\firebase\emulators\ui-v1.15.0\client\assets\provider-icons
[debug] [2026-05-25T22:58:55.377Z] [unzip] deflating: C:\Users\Andrés Santiago\.cache\firebase\emulators\ui-v1.15.0\client\assets\provider-icons\auth_service_facebook.svg
[debug] [2026-05-25T22:58:55.378Z] [unzip] Entry: client/assets/provider-icons/auth_service_game_center.svg (compressed_size=991 bytes, uncompressed_size=3921 bytes)
[debug] [2026-05-25T22:58:55.378Z] [unzip] Processing entry: client\assets\provider-icons\auth_service_game_center.svg
[debug] [2026-05-25T22:58:55.378Z] [unzip] else mkdir: C:\Users\Andrés Santiago\.cache\firebase\emulators\ui-v1.15.0\client\assets\provider-icons
[debug] [2026-05-25T22:58:55.378Z] [unzip] deflating: C:\Users\Andrés Santiago\.cache\firebase\emulators\ui-v1.15.0\client\assets\provider-icons\auth_service_game_center.svg
[debug] [2026-05-25T22:58:55.380Z] [unzip] Entry: client/assets/provider-icons/auth_service_apple.svg (compressed_size=230 bytes, uncompressed_size=334 bytes)
[debug] [2026-05-25T22:58:55.380Z] [unzip] Processing entry: client\assets\provider-icons\auth_service_apple.svg
[debug] [2026-05-25T22:58:55.380Z] [unzip] else mkdir: C:\Users\Andrés Santiago\.cache\firebase\emulators\ui-v1.15.0\client\assets\provider-icons
[debug] [2026-05-25T22:58:55.381Z] [unzip] deflating: C:\Users\Andrés Santiago\.cache\firebase\emulators\ui-v1.15.0\client\assets\provider-icons\auth_service_apple.svg
[debug] [2026-05-25T22:58:55.382Z] [unzip] Entry: client/assets/provider-icons/auth_service_github.svg (compressed_size=466 bytes, uncompressed_size=838 bytes)
[debug] [2026-05-25T22:58:55.382Z] [unzip] Processing entry: client\assets\provider-icons\auth_service_github.svg
[debug] [2026-05-25T22:58:55.382Z] [unzip] else mkdir: C:\Users\Andrés Santiago\.cache\firebase\emulators\ui-v1.15.0\client\assets\provider-icons
[debug] [2026-05-25T22:58:55.382Z] [unzip] deflating: C:\Users\Andrés Santiago\.cache\firebase\emulators\ui-v1.15.0\client\assets\provider-icons\auth_service_github.svg
[debug] [2026-05-25T22:58:55.384Z] [unzip] Entry: client/assets/provider-icons/auth_service_mslive.svg (compressed_size=203 bytes, uncompressed_size=378 bytes)
[debug] [2026-05-25T22:58:55.384Z] [unzip] Processing entry: client\assets\provider-icons\auth_service_mslive.svg
[debug] [2026-05-25T22:58:55.384Z] [unzip] else mkdir: C:\Users\Andrés Santiago\.cache\firebase\emulators\ui-v1.15.0\client\assets\provider-icons
[debug] [2026-05-25T22:58:55.384Z] [unzip] deflating: C:\Users\Andrés Santiago\.cache\firebase\emulators\ui-v1.15.0\client\assets\provider-icons\auth_service_mslive.svg
[debug] [2026-05-25T22:58:55.385Z] [unzip] Entry: client/assets/provider-icons/auth_service_yahoo.svg (compressed_size=577 bytes, uncompressed_size=1182 bytes)
[debug] [2026-05-25T22:58:55.385Z] [unzip] Processing entry: client\assets\provider-icons\auth_service_yahoo.svg
[debug] [2026-05-25T22:58:55.385Z] [unzip] else mkdir: C:\Users\Andrés Santiago\.cache\firebase\emulators\ui-v1.15.0\client\assets\provider-icons
[debug] [2026-05-25T22:58:55.386Z] [unzip] deflating: C:\Users\Andrés Santiago\.cache\firebase\emulators\ui-v1.15.0\client\assets\provider-icons\auth_service_yahoo.svg
[debug] [2026-05-25T22:58:55.387Z] [unzip] Entry: client/assets/provider-icons/auth_service_twitter.svg (compressed_size=444 bytes, uncompressed_size=751 bytes)
[debug] [2026-05-25T22:58:55.387Z] [unzip] Processing entry: client\assets\provider-icons\auth_service_twitter.svg
[debug] [2026-05-25T22:58:55.387Z] [unzip] else mkdir: C:\Users\Andrés Santiago\.cache\firebase\emulators\ui-v1.15.0\client\assets\provider-icons
[debug] [2026-05-25T22:58:55.387Z] [unzip] deflating: C:\Users\Andrés Santiago\.cache\firebase\emulators\ui-v1.15.0\client\assets\provider-icons\auth_service_twitter.svg
[debug] [2026-05-25T22:58:55.388Z] [unzip] Entry: client/assets/provider-icons/auth_service_play_games.svg (compressed_size=565 bytes, uncompressed_size=1173 bytes)
[debug] [2026-05-25T22:58:55.388Z] [unzip] Processing entry: client\assets\provider-icons\auth_service_play_games.svg
[debug] [2026-05-25T22:58:55.389Z] [unzip] else mkdir: C:\Users\Andrés Santiago\.cache\firebase\emulators\ui-v1.15.0\client\assets\provider-icons
[debug] [2026-05-25T22:58:55.389Z] [unzip] deflating: C:\Users\Andrés Santiago\.cache\firebase\emulators\ui-v1.15.0\client\assets\provider-icons\auth_service_play_games.svg
[debug] [2026-05-25T22:58:55.391Z] [unzip] Entry: client/assets/provider-icons/auth_service_email.svg (compressed_size=228 bytes, uncompressed_size=326 bytes)
[debug] [2026-05-25T22:58:55.391Z] [unzip] Processing entry: client\assets\provider-icons\auth_service_email.svg
[debug] [2026-05-25T22:58:55.391Z] [unzip] else mkdir: C:\Users\Andrés Santiago\.cache\firebase\emulators\ui-v1.15.0\client\assets\provider-icons
[debug] [2026-05-25T22:58:55.391Z] [unzip] deflating: C:\Users\Andrés Santiago\.cache\firebase\emulators\ui-v1.15.0\client\assets\provider-icons\auth_service_email.svg
[debug] [2026-05-25T22:58:55.393Z] [unzip] Entry: client/assets/provider-icons/auth_service_google.svg (compressed_size=409 bytes, uncompressed_size=720 bytes)
[debug] [2026-05-25T22:58:55.393Z] [unzip] Processing entry: client\assets\provider-icons\auth_service_google.svg
[debug] [2026-05-25T22:58:55.393Z] [unzip] else mkdir: C:\Users\Andrés Santiago\.cache\firebase\emulators\ui-v1.15.0\client\assets\provider-icons
[debug] [2026-05-25T22:58:55.393Z] [unzip] deflating: C:\Users\Andrés Santiago\.cache\firebase\emulators\ui-v1.15.0\client\assets\provider-icons\auth_service_google.svg
[debug] [2026-05-25T22:58:55.394Z] [unzip] Entry: client/assets/provider-icons/auth_service_oidc.svg (compressed_size=414 bytes, uncompressed_size=858 bytes)
[debug] [2026-05-25T22:58:55.395Z] [unzip] Processing entry: client\assets\provider-icons\auth_service_oidc.svg
[debug] [2026-05-25T22:58:55.395Z] [unzip] else mkdir: C:\Users\Andrés Santiago\.cache\firebase\emulators\ui-v1.15.0\client\assets\provider-icons
[debug] [2026-05-25T22:58:55.395Z] [unzip] deflating: C:\Users\Andrés Santiago\.cache\firebase\emulators\ui-v1.15.0\client\assets\provider-icons\auth_service_oidc.svg
[debug] [2026-05-25T22:58:55.396Z] [unzip] Entry: client/browserconfig.xml (compressed_size=491 bytes, uncompressed_size=822 bytes)
[debug] [2026-05-25T22:58:55.396Z] [unzip] Processing entry: client\browserconfig.xml
[debug] [2026-05-25T22:58:55.397Z] [unzip] else mkdir: C:\Users\Andrés Santiago\.cache\firebase\emulators\ui-v1.15.0\client
[debug] [2026-05-25T22:58:55.397Z] [unzip] deflating: C:\Users\Andrés Santiago\.cache\firebase\emulators\ui-v1.15.0\client\browserconfig.xml
[debug] [2026-05-25T22:58:55.398Z] [unzip] Entry: client/favicon-32x32.png (compressed_size=475 bytes, uncompressed_size=475 bytes)
[debug] [2026-05-25T22:58:55.399Z] [unzip] Processing entry: client\favicon-32x32.png
[debug] [2026-05-25T22:58:55.399Z] [unzip] else mkdir: C:\Users\Andrés Santiago\.cache\firebase\emulators\ui-v1.15.0\client
[debug] [2026-05-25T22:58:55.399Z] [unzip] Writing file: C:\Users\Andrés Santiago\.cache\firebase\emulators\ui-v1.15.0\client\favicon-32x32.png
[debug] [2026-05-25T22:58:55.400Z] [unzip] Entry: server/ (compressed_size=0 bytes, uncompressed_size=0 bytes)
[debug] [2026-05-25T22:58:55.400Z] [unzip] Processing entry: server\
[debug] [2026-05-25T22:58:55.400Z] [unzip] mkdir: C:\Users\Andrés Santiago\.cache\firebase\emulators\ui-v1.15.0\server\
[debug] [2026-05-25T22:58:55.400Z] [unzip] Entry: server/server.mjs.map (compressed_size=217845 bytes, uncompressed_size=944978 bytes)
[debug] [2026-05-25T22:58:55.401Z] [unzip] Processing entry: server\server.mjs.map
[debug] [2026-05-25T22:58:55.401Z] [unzip] else mkdir: C:\Users\Andrés Santiago\.cache\firebase\emulators\ui-v1.15.0\server
[debug] [2026-05-25T22:58:55.401Z] [unzip] deflating: C:\Users\Andrés Santiago\.cache\firebase\emulators\ui-v1.15.0\server\server.mjs.map
[debug] [2026-05-25T22:58:55.406Z] [unzip] Entry: server/server.mjs (compressed_size=276407 bytes, uncompressed_size=933701 bytes)
[debug] [2026-05-25T22:58:55.406Z] [unzip] Processing entry: server\server.mjs
[debug] [2026-05-25T22:58:55.406Z] [unzip] else mkdir: C:\Users\Andrés Santiago\.cache\firebase\emulators\ui-v1.15.0\server
[debug] [2026-05-25T22:58:55.407Z] [unzip] deflating: C:\Users\Andrés Santiago\.cache\firebase\emulators\ui-v1.15.0\server\server.mjs
[debug] [2026-05-25T22:58:55.422Z] Could not find VSCode notification endpoint: FetchError: request to http://localhost:40001/vscode/notify failed, reason: . If you are not running the Firebase SQL Connect VSCode extension, this is expected and not an issue.
[info] 
┌─────────────────────────────────────────────────────────────┐
│ ✔  All emulators ready! It is now safe to connect your app. │
│ i  View Emulator UI at http://127.0.0.1:4000/               │
└─────────────────────────────────────────────────────────────┘

┌────────────────┬────────────────┬────────────────────────────┐
│ Emulator       │ Host:Port      │ View in Emulator UI        │
├────────────────┼────────────────┼────────────────────────────┤
│ Authentication │ 127.0.0.1:9099 │ http://127.0.0.1:4000/auth │
└────────────────┴────────────────┴────────────────────────────┘
  Emulator Hub host: 127.0.0.1 port: 4400
  Other reserved ports: 4500

Issues? Report them at https://github.com/firebase/firebase-tools/issues and attach the *-debug.log files.
 
